#
# There is insufficient memory for the Java Runtime Environment to continue.
# Native memory allocation (malloc) failed to allocate 151056 bytes for Chunk::new
# Possible reasons:
#   The system is out of physical RAM or swap space
#   The process is running with CompressedOops enabled, and the Java Heap may be blocking the growth of the native heap
# Possible solutions:
#   Reduce memory load on the system
#   Increase physical memory or swap space
#   Check if swap backing store is full
#   Decrease Java heap size (-Xmx/-Xms)
#   Decrease number of Java threads
#   Decrease Java thread stack sizes (-Xss)
#   Set larger code cache with -XX:ReservedCodeCacheSize=
#   JVM is running with Zero Based Compressed Oops mode in which the Java heap is
#     placed in the first 32GB address space. The Java Heap base address is the
#     maximum limit for the native heap growth. Please use -XX:HeapBaseMinAddress
#     to set the Java Heap base and to place the Java Heap above 32GB virtual address.
# This output file may be truncated or incomplete.
#
#  Out of Memory Error (allocation.cpp:389), pid=15568, tid=0x0000000000003d5c
#
# JRE version: Java(TM) SE Runtime Environment (8.0_251-b08) (build 1.8.0_251-b08)
# Java VM: Java HotSpot(TM) 64-Bit Server VM (25.251-b08 mixed mode windows-amd64 compressed oops)
# Failed to write core dump. Minidumps are not enabled by default on client versions of Windows
#

---------------  T H R E A D  ---------------

Current thread (0x000000001e8a3000):  JavaThread "C2 CompilerThread1" daemon [_thread_in_native, id=15708, stack(0x000000001ffd0000,0x00000000200d0000)]

Stack: [0x000000001ffd0000,0x00000000200d0000]
[error occurred during error reporting (printing stack bounds), id 0xc0000005]

Native frames: (J=compiled Java code, j=interpreted, Vv=VM code, C=native code)


Current CompileTask:
C2:   1289 1164   !   4       java.lang.ClassLoader::loadClass (122 bytes)


---------------  P R O C E S S  ---------------

Java Threads: ( => current thread )
  0x000000001e951000 JavaThread "Service Thread" daemon [_thread_blocked, id=18228, stack(0x00000000202d0000,0x00000000203d0000)]
  0x000000001e8b3800 JavaThread "C1 CompilerThread3" daemon [_thread_blocked, id=14024, stack(0x00000000201d0000,0x00000000202d0000)]
  0x000000001e8a6000 JavaThread "C2 CompilerThread2" daemon [_thread_in_vm, id=4924, stack(0x00000000200d0000,0x00000000201d0000)]
=>0x000000001e8a3000 JavaThread "C2 CompilerThread1" daemon [_thread_in_native, id=15708, stack(0x000000001ffd0000,0x00000000200d0000)]
  0x000000001e8a0800 JavaThread "C2 CompilerThread0" daemon [_thread_in_native, id=9640, stack(0x000000001fed0000,0x000000001ffd0000)]
  0x000000001e891000 JavaThread "Monitor Ctrl-Break" daemon [_thread_in_native, id=22156, stack(0x000000001fdd0000,0x000000001fed0000)]
  0x000000001e873800 JavaThread "Attach Listener" daemon [_thread_blocked, id=21340, stack(0x000000001fcd0000,0x000000001fdd0000)]
  0x000000001e81d800 JavaThread "Signal Dispatcher" daemon [_thread_blocked, id=19540, stack(0x000000001fbd0000,0x000000001fcd0000)]
  0x00000000035fb800 JavaThread "Finalizer" daemon [_thread_blocked, id=13056, stack(0x000000001fa70000,0x000000001fb70000)]
  0x000000001e803000 JavaThread "Reference Handler" daemon [_thread_blocked, id=20924, stack(0x000000001f970000,0x000000001fa70000)]
  0x0000000003502800 JavaThread "main" [_thread_in_vm, id=18748, stack(0x0000000003270000,0x0000000003370000)]

Other Threads:
  0x000000001e7e2800 VMThread [stack: 0x000000001f870000,0x000000001f970000] [id=16968]
  0x000000001e99a000 WatcherThread [stack: 0x00000000203d0000,0x00000000204d0000] [id=4536]

VM state:not at safepoint (normal execution)

VM Mutex/Monitor currently owned by a thread: None

heap address: 0x00000006c3400000, size: 4044 MB, Compressed Oops mode: Zero based, Oop shift amount: 3
Narrow klass base: 0x0000000000000000, Narrow klass shift: 3
Compressed class space size: 1073741824 Address: 0x00000007c0000000

Heap:
 PSYoungGen      total 75776K, used 30616K [0x000000076bc00000, 0x0000000771080000, 0x00000007c0000000)
  eden space 65024K, 33% used [0x000000076bc00000,0x000000076d162b98,0x000000076fb80000)
  from space 10752K, 81% used [0x000000076fb80000,0x0000000770403628,0x0000000770600000)
  to   space 10752K, 0% used [0x0000000770600000,0x0000000770600000,0x0000000771080000)
 ParOldGen       total 173568K, used 16K [0x00000006c3400000, 0x00000006cdd80000, 0x000000076bc00000)
  object space 173568K, 0% used [0x00000006c3400000,0x00000006c3404000,0x00000006cdd80000)
 Metaspace       used 13044K, capacity 13242K, committed 13568K, reserved 1060864K
  class space    used 1610K, capacity 1704K, committed 1792K, reserved 1048576K

Card table byte_map: [0x00000000129c0000,0x00000000131b0000] byte_map_base: 0x000000000f3a6000

Marking Bits: (ParMarkBitMap*) 0x0000000076f0af90
 Begin Bits: [0x0000000014100000, 0x0000000018030000)
 End Bits:   [0x0000000018030000, 0x000000001bf60000)

Polling page: 0x0000000001010000

CodeCache: size=245760Kb used=4644Kb max_used=4654Kb free=241115Kb
 bounds [0x0000000003600000, 0x0000000003a90000, 0x0000000012600000]
 total_blobs=1573 nmethods=1225 adapters=260
 compilation: enabled

Compilation events (10 events):
Event: 1.287 Thread 0x000000001e8b3800 1212       3       com.google.common.collect.RegularImmutableSet::contains (56 bytes)
Event: 1.287 Thread 0x000000001e8b3800 nmethod 1212 0x0000000003a857d0 code [0x0000000003a85980, 0x0000000003a86018]
Event: 1.287 Thread 0x000000001e8b3800 1208       1       com.google.inject.internal.InheritingState::lock (5 bytes)
Event: 1.288 Thread 0x000000001e8b3800 nmethod 1208 0x0000000003a862d0 code [0x0000000003a86420, 0x0000000003a86530]
Event: 1.288 Thread 0x000000001e8b3800 1209       1       com.google.inject.internal.Scoping::getScopeAnnotation (2 bytes)
Event: 1.288 Thread 0x000000001e8b3800 nmethod 1209 0x0000000003a86590 code [0x0000000003a866e0, 0x0000000003a867f0]
Event: 1.288 Thread 0x000000001e8b3800 1210       1       com.google.inject.internal.State$1::getExplicitBinding (2 bytes)
Event: 1.288 Thread 0x000000001e8b3800 nmethod 1210 0x0000000003a86850 code [0x0000000003a869a0, 0x0000000003a86ab0]
Event: 1.288 Thread 0x000000001e8b3800 1211       1       com.google.inject.internal.InheritingState::parent (5 bytes)
Event: 1.288 Thread 0x000000001e8b3800 nmethod 1211 0x0000000003a86b10 code [0x0000000003a86c60, 0x0000000003a86d70]

GC Heap History (2 events):
Event: 1.119 GC heap before
{Heap before GC invocations=1 (full 0):
 PSYoungGen      total 75776K, used 65024K [0x000000076bc00000, 0x0000000771080000, 0x00000007c0000000)
  eden space 65024K, 100% used [0x000000076bc00000,0x000000076fb80000,0x000000076fb80000)
  from space 10752K, 0% used [0x0000000770600000,0x0000000770600000,0x0000000771080000)
  to   space 10752K, 0% used [0x000000076fb80000,0x000000076fb80000,0x0000000770600000)
 ParOldGen       total 173568K, used 0K [0x00000006c3400000, 0x00000006cdd80000, 0x000000076bc00000)
  object space 173568K, 0% used [0x00000006c3400000,0x00000006c3400000,0x00000006cdd80000)
 Metaspace       used 10858K, capacity 10978K, committed 11136K, reserved 1058816K
  class space    used 1313K, capacity 1378K, committed 1408K, reserved 1048576K
Event: 1.125 GC heap after
Heap after GC invocations=1 (full 0):
 PSYoungGen      total 75776K, used 8717K [0x000000076bc00000, 0x0000000771080000, 0x00000007c0000000)
  eden space 65024K, 0% used [0x000000076bc00000,0x000000076bc00000,0x000000076fb80000)
  from space 10752K, 81% used [0x000000076fb80000,0x0000000770403628,0x0000000770600000)
  to   space 10752K, 0% used [0x0000000770600000,0x0000000770600000,0x0000000771080000)
 ParOldGen       total 173568K, used 16K [0x00000006c3400000, 0x00000006cdd80000, 0x000000076bc00000)
  object space 173568K, 0% used [0x00000006c3400000,0x00000006c3404000,0x00000006cdd80000)
 Metaspace       used 10858K, capacity 10978K, committed 11136K, reserved 1058816K
  class space    used 1313K, capacity 1378K, committed 1408K, reserved 1048576K
}

Deoptimization events (8 events):
Event: 0.895 Thread 0x0000000003502800 Uncommon trap: reason=unstable_if action=reinterpret pc=0x00000000037eb6e8 method=org.codehaus.plexus.util.xml.pull.MXParser.more()C @ 8
Event: 0.915 Thread 0x0000000003502800 Uncommon trap: reason=unstable_if action=reinterpret pc=0x00000000038dc290 method=java.nio.charset.CoderResult.isOverflow()Z @ 5
Event: 0.927 Thread 0x0000000003502800 Uncommon trap: reason=unstable_if action=reinterpret pc=0x00000000038efcd4 method=java.nio.charset.CoderResult.isOverflow()Z @ 5
Event: 0.927 Thread 0x0000000003502800 Uncommon trap: reason=unstable_if action=reinterpret pc=0x00000000038f67dc method=java.nio.charset.CoderResult.isOverflow()Z @ 5
Event: 0.946 Thread 0x0000000003502800 Uncommon trap: reason=unstable_if action=reinterpret pc=0x00000000038ec6c0 method=org.codehaus.plexus.util.xml.pull.MXParser.nextImpl()I @ 241
Event: 0.980 Thread 0x0000000003502800 Uncommon trap: reason=unstable_if action=reinterpret pc=0x00000000038910dc method=java.util.HashMap.getNode(ILjava/lang/Object;)Ljava/util/HashMap$Node; @ 129
Event: 0.980 Thread 0x0000000003502800 Uncommon trap: reason=unstable_if action=reinterpret pc=0x0000000003889984 method=java.util.HashMap.getNode(ILjava/lang/Object;)Ljava/util/HashMap$Node; @ 129
Event: 0.987 Thread 0x0000000003502800 Uncommon trap: reason=range_check action=make_not_entrant pc=0x0000000003914168 method=sun.reflect.generics.parser.SignatureParser.current()C @ 34

Classes redefined (0 events):
No events

Internal exceptions (10 events):
Event: 0.191 Thread 0x0000000003502800 Exception <a 'java/security/PrivilegedActionException'> (0x000000076c273aa0) thrown at [C:\jenkins\workspace\8-2-build-windows-amd64-cygwin\jdk8u251\737\hotspot\src\share\vm\prims\jvm.cpp, line 1502]
Event: 0.191 Thread 0x0000000003502800 Exception <a 'java/security/PrivilegedActionException'> (0x000000076c273e98) thrown at [C:\jenkins\workspace\8-2-build-windows-amd64-cygwin\jdk8u251\737\hotspot\src\share\vm\prims\jvm.cpp, line 1502]
Event: 0.192 Thread 0x0000000003502800 Exception <a 'java/security/PrivilegedActionException'> (0x000000076c276ce0) thrown at [C:\jenkins\workspace\8-2-build-windows-amd64-cygwin\jdk8u251\737\hotspot\src\share\vm\prims\jvm.cpp, line 1502]
Event: 0.192 Thread 0x0000000003502800 Exception <a 'java/security/PrivilegedActionException'> (0x000000076c2770d8) thrown at [C:\jenkins\workspace\8-2-build-windows-amd64-cygwin\jdk8u251\737\hotspot\src\share\vm\prims\jvm.cpp, line 1502]
Event: 0.885 Thread 0x0000000003502800 Exception <a 'java/lang/ArrayIndexOutOfBoundsException'> (0x000000076d797238) thrown at [C:\jenkins\workspace\8-2-build-windows-amd64-cygwin\jdk8u251\737\hotspot\src\share\vm\runtime\sharedRuntime.cpp, line 605]
Event: 0.887 Thread 0x0000000003502800 Exception <a 'java/lang/ArrayIndexOutOfBoundsException'> (0x000000076d7b87f0) thrown at [C:\jenkins\workspace\8-2-build-windows-amd64-cygwin\jdk8u251\737\hotspot\src\share\vm\runtime\sharedRuntime.cpp, line 605]
Event: 0.890 Thread 0x0000000003502800 Exception <a 'java/lang/ArrayIndexOutOfBoundsException'> (0x000000076d801748) thrown at [C:\jenkins\workspace\8-2-build-windows-amd64-cygwin\jdk8u251\737\hotspot\src\share\vm\runtime\sharedRuntime.cpp, line 605]
Event: 0.952 Thread 0x0000000003502800 Exception <a 'java/lang/ArrayIndexOutOfBoundsException'> (0x000000076e253950) thrown at [C:\jenkins\workspace\8-2-build-windows-amd64-cygwin\jdk8u251\737\hotspot\src\share\vm\runtime\sharedRuntime.cpp, line 605]
Event: 0.952 Thread 0x0000000003502800 Exception <a 'java/lang/ArrayIndexOutOfBoundsException'> (0x000000076e2582b0) thrown at [C:\jenkins\workspace\8-2-build-windows-amd64-cygwin\jdk8u251\737\hotspot\src\share\vm\runtime\sharedRuntime.cpp, line 605]
Event: 0.987 Thread 0x0000000003502800 Exception <a 'java/lang/ArrayIndexOutOfBoundsException': 66> (0x000000076e5d1ad0) thrown at [C:\jenkins\workspace\8-2-build-windows-amd64-cygwin\jdk8u251\737\hotspot\src\share\vm\interpreter\interpreterRuntime.cpp, line 368]

Events (10 events):
Event: 1.280 loading class com/google/inject/internal/ProviderInternalFactory
Event: 1.280 loading class com/google/inject/internal/ProviderInternalFactory done
Event: 1.285 loading class org/apache/maven/execution/scope/internal/MojoExecutionScope$2
Event: 1.285 loading class org/apache/maven/execution/scope/internal/MojoExecutionScope$2 done
Event: 1.286 loading class com/google/inject/OutOfScopeException
Event: 1.286 loading class com/google/inject/OutOfScopeException done
Event: 1.287 loading class org/apache/maven/session/scope/internal/SessionScope$2
Event: 1.287 loading class org/apache/maven/session/scope/internal/SessionScope$2 done
Event: 1.287 loading class com/google/inject/internal/BoundProviderFactory
Event: 1.287 loading class com/google/inject/internal/BoundProviderFactory done


Dynamic libraries:
0x00007ff65fd60000 - 0x00007ff65fd97000 	E:\Softwares\Java\jdk1.8.0_251\bin\java.exe
0x00007ffe51a10000 - 0x00007ffe51c08000 	C:\WINDOWS\SYSTEM32\ntdll.dll
0x00007ffe51910000 - 0x00007ffe519cd000 	C:\WINDOWS\System32\KERNEL32.DLL
0x00007ffe4f690000 - 0x00007ffe4f962000 	C:\WINDOWS\System32\KERNELBASE.dll
0x00007ffe50590000 - 0x00007ffe5063e000 	C:\WINDOWS\System32\ADVAPI32.dll
0x00007ffe4fad0000 - 0x00007ffe4fb6e000 	C:\WINDOWS\System32\msvcrt.dll
0x00007ffe50340000 - 0x00007ffe503dc000 	C:\WINDOWS\System32\sechost.dll
0x00007ffe51600000 - 0x00007ffe51725000 	C:\WINDOWS\System32\RPCRT4.dll
0x00007ffe503f0000 - 0x00007ffe5058d000 	C:\WINDOWS\System32\USER32.dll
0x00007ffe4f270000 - 0x00007ffe4f292000 	C:\WINDOWS\System32\win32u.dll
0x00007ffe51160000 - 0x00007ffe5118b000 	C:\WINDOWS\System32\GDI32.dll
0x00007ffe4f580000 - 0x00007ffe4f68f000 	C:\WINDOWS\System32\gdi32full.dll
0x00007ffe4f1d0000 - 0x00007ffe4f26d000 	C:\WINDOWS\System32\msvcp_win.dll
0x00007ffe4f970000 - 0x00007ffe4fa70000 	C:\WINDOWS\System32\ucrtbase.dll
0x00007ffe31b30000 - 0x00007ffe31dca000 	C:\WINDOWS\WinSxS\amd64_microsoft.windows.common-controls_6595b64144ccf1df_6.0.19041.1110_none_60b5254171f9507e\COMCTL32.dll
0x00007ffe50740000 - 0x00007ffe50770000 	C:\WINDOWS\System32\IMM32.DLL
0x00000000777d0000 - 0x00000000778a2000 	E:\Softwares\Java\jdk1.8.0_251\jre\bin\msvcr100.dll
0x00000000766e0000 - 0x0000000076f8b000 	E:\Softwares\Java\jdk1.8.0_251\jre\bin\server\jvm.dll
0x00007ffe503e0000 - 0x00007ffe503e8000 	C:\WINDOWS\System32\PSAPI.DLL
0x00007ffe46e80000 - 0x00007ffe46ea7000 	C:\WINDOWS\SYSTEM32\WINMM.dll
0x00007ffe4a5b0000 - 0x00007ffe4a5b9000 	C:\WINDOWS\SYSTEM32\WSOCK32.dll
0x00007ffe45c80000 - 0x00007ffe45c8a000 	C:\WINDOWS\SYSTEM32\VERSION.dll
0x00007ffe510d0000 - 0x00007ffe5113b000 	C:\WINDOWS\System32\WS2_32.dll
0x00007ffe44b40000 - 0x00007ffe44b4f000 	E:\Softwares\Java\jdk1.8.0_251\jre\bin\verify.dll
0x00007ffe207a0000 - 0x00007ffe207c9000 	E:\Softwares\Java\jdk1.8.0_251\jre\bin\java.dll
0x00007ffe35eb0000 - 0x00007ffe35ed3000 	E:\Softwares\Java\jdk1.8.0_251\jre\bin\instrument.dll
0x00007ffe20780000 - 0x00007ffe20796000 	E:\Softwares\Java\jdk1.8.0_251\jre\bin\zip.dll
0x00007ffe50770000 - 0x00007ffe50eb3000 	C:\WINDOWS\System32\SHELL32.dll
0x00007ffe4ced0000 - 0x00007ffe4d661000 	C:\WINDOWS\SYSTEM32\windows.storage.dll
0x00007ffe4ffd0000 - 0x00007ffe50324000 	C:\WINDOWS\System32\combase.dll
0x00007ffe4ea30000 - 0x00007ffe4ea60000 	C:\WINDOWS\SYSTEM32\Wldp.dll
0x00007ffe51730000 - 0x00007ffe517dd000 	C:\WINDOWS\System32\SHCORE.dll
0x00007ffe4fe90000 - 0x00007ffe4fee5000 	C:\WINDOWS\System32\shlwapi.dll
0x00007ffe4f060000 - 0x00007ffe4f07f000 	C:\WINDOWS\SYSTEM32\profapi.dll
0x00007ffe370b0000 - 0x00007ffe370ca000 	E:\Softwares\JetBrainsToolbox\toolbox\apps\IDEA-U\ch-0\222.4345.14\bin\breakgen64.dll
0x00007ffe20760000 - 0x00007ffe2077a000 	E:\Softwares\Java\jdk1.8.0_251\jre\bin\net.dll
0x00007ffe4e810000 - 0x00007ffe4e87a000 	C:\WINDOWS\system32\mswsock.dll
0x00007ffe4ea70000 - 0x00007ffe4ea88000 	C:\WINDOWS\SYSTEM32\CRYPTSP.dll
0x00007ffe4e150000 - 0x00007ffe4e184000 	C:\WINDOWS\system32\rsaenh.dll
0x00007ffe4f3f0000 - 0x00007ffe4f417000 	C:\WINDOWS\System32\bcrypt.dll
0x00007ffe4f020000 - 0x00007ffe4f04e000 	C:\WINDOWS\SYSTEM32\USERENV.dll
0x00007ffe4f2a0000 - 0x00007ffe4f322000 	C:\WINDOWS\System32\bcryptprimitives.dll
0x00007ffe4e9a0000 - 0x00007ffe4e9ac000 	C:\WINDOWS\SYSTEM32\CRYPTBASE.dll
0x00007ffe4e520000 - 0x00007ffe4e55b000 	C:\WINDOWS\SYSTEM32\IPHLPAPI.DLL
0x00007ffe50730000 - 0x00007ffe50738000 	C:\WINDOWS\System32\NSI.dll
0x00007ffe47670000 - 0x00007ffe47687000 	C:\WINDOWS\SYSTEM32\dhcpcsvc6.DLL
0x00007ffe47650000 - 0x00007ffe4766d000 	C:\WINDOWS\SYSTEM32\dhcpcsvc.DLL
0x00007ffe4e560000 - 0x00007ffe4e62a000 	C:\WINDOWS\SYSTEM32\DNSAPI.dll
0x00007ffe160e0000 - 0x00007ffe160f2000 	E:\Softwares\Java\jdk1.8.0_251\jre\bin\nio.dll
0x00007ffe36ad0000 - 0x00007ffe36ada000 	C:\Users\sion1\AppData\Local\Temp\jansi-1.17.1-3142223716241829608.dll
0x00007ffe35fc0000 - 0x00007ffe35fca000 	C:\Users\sion1\AppData\Local\Temp\jansi-1.17.1-2891764780408123968.dll

VM Arguments:
jvm_args: -Dvisualgc.id=7347244655100 -Dmaven.multiModuleProjectDirectory=E:\Workspaces\Git\eden-architect -Dmaven.home=C:\Users\sion1\.m2\wrapper\dists\apache-maven-3.6.3-bin\lm9vem38rfmjij3jj0mk5bvnt\apache-maven-3.6.3 -Dclassworlds.conf=C:\Users\sion1\.m2\wrapper\dists\apache-maven-3.6.3-bin\lm9vem38rfmjij3jj0mk5bvnt\apache-maven-3.6.3\bin\m2.conf -Dmaven.ext.class.path=E:\Softwares\JetBrainsToolbox\toolbox\apps\IDEA-U\ch-0\222.4345.14\plugins\maven\lib\maven-event-listener.jar -javaagent:E:\Softwares\JetBrainsToolbox\toolbox\apps\IDEA-U\ch-0\222.4345.14\lib\idea_rt.jar=56666:E:\Softwares\JetBrainsToolbox\toolbox\apps\IDEA-U\ch-0\222.4345.14\bin -Dfile.encoding=UTF-8 
java_command: org.codehaus.classworlds.Launcher -Didea.version=2022.2.3 --errors --update-snapshots -T 4C -s E:\Softwares\Maven\conf\settings.xml -Dmaven.repo.local=E:\Workspaces\Maven -DskipTests=true install -P codeup,!coding,!github,!unit-test
java_class_path (initial): C:\Users\sion1\.m2\wrapper\dists\apache-maven-3.6.3-bin\lm9vem38rfmjij3jj0mk5bvnt\apache-maven-3.6.3\boot\plexus-classworlds-2.6.0.jar;C:\Users\sion1\.m2\wrapper\dists\apache-maven-3.6.3-bin\lm9vem38rfmjij3jj0mk5bvnt\apache-maven-3.6.3\boot\plexus-classworlds.license;E:\Softwares\JetBrainsToolbox\toolbox\apps\IDEA-U\ch-0\222.4345.14\lib\idea_rt.jar
Launcher Type: SUN_STANDARD

Environment Variables:
JAVA_HOME=E:\Softwares\Java\jdk1.8.0_251
PATH=C:\WINDOWS\system32;C:\WINDOWS;C:\WINDOWS\System32\Wbem;C:\WINDOWS\System32\WindowsPowerShell\v1.0\;C:\WINDOWS\System32\OpenSSH\;E:\Softwares\Java\jdk1.8.0_251\bin;E:\Softwares\Maven\bin;E:\Softwares\Gradle\6.4.1\bin;E:\Softwares\Git\cmd;E:\Softwares\TortoiseGit\bin;E:\Softwares\VisualStudioCode\bin;C:\Program Files (x86)\NVIDIA Corporation\PhysX\Common;E:\Softwares\Yarn\bin\;E:\Softwares\Nodejs\;E:\Softwares\Cygwin\bin;E:\Softwares\Cygwin\sbin;E:\Softwares\Cygwin\usr\local\bin;E:\Softwares\Mvnd\bin;E:\Workspaces\Nodejs\npm\prefix\bin;C:\Program Files\dotnet\;E:\Softwares\WechatDevTools\dll;C:\Program Files\Docker\Docker\resources\bin;C:\ProgramData\DockerDesktop\version-bin;E:\Softwares\Python\3.10.4\Scripts\;E:\Softwares\Python\3.10.4\;E:\Softwares\JRuby\bin;C:\Users\sion1\AppData\Local\Microsoft\WindowsApps;C:\Users\sion1\AppData\Local\Yarn\bin;C:\Users\sion1\AppData\Roaming\npm;;C:\Users\sion1\AppData\Local\JetBrains\Toolbox\scripts
USERNAME=sion1
OS=Windows_NT
PROCESSOR_IDENTIFIER=Intel64 Family 6 Model 158 Stepping 10, GenuineIntel



---------------  S Y S T E M  ---------------

OS: Windows 10.0 , 64 bit Build 19041 (10.0.19041.1889)

CPU:total 12 (initial active 12) (6 cores per cpu, 2 threads per core) family 6 model 158 stepping 10, cmov, cx8, fxsr, mmx, sse, sse2, sse3, ssse3, sse4.1, sse4.2, popcnt, avx, avx2, aes, clmul, erms, 3dnowpref, lzcnt, ht, tsc, tscinvbit, bmi1, bmi2, adx

Memory: 4k page, physical 16562660k(2233940k free), swap 19549668k(5200k free)

vm_info: Java HotSpot(TM) 64-Bit Server VM (25.251-b08) for windows-amd64 JRE (1.8.0_251-b08), built on Mar 12 2020 06:31:49 by "" with MS VC++ 10.0 (VS2010)

time: Mon Oct 17 23:47:49 2022
timezone: 中国标准时间
elapsed time: 1 seconds (0d 0h 0m 1s)

